Connecting to database specified by database.yml
Connecting to database specified by database.yml
  [1m[36m (0.2ms)[0m  [1mselect sqlite_version(*)[0m
  [1m[35m (1.5ms)[0m  CREATE TABLE "schema_migrations" ("version" varchar(255) NOT NULL) 
  [1m[36m (1.3ms)[0m  [1mCREATE UNIQUE INDEX "unique_schema_migrations" ON "schema_migrations" ("version")[0m
  [1m[35m (1.3ms)[0m  SELECT "schema_migrations"."version" FROM "schema_migrations" 
Migrating to CreateConfessions (20131021005321)
  [1m[36m (0.0ms)[0m  [1mbegin transaction[0m
  [1m[35m (0.5ms)[0m  CREATE TABLE "confessions" ("id" INTEGER PRIMARY KEY AUTOINCREMENT NOT NULL, "item" varchar(255), "user_id" varchar(255), "created_at" datetime NOT NULL, "updated_at" datetime NOT NULL) 
  [1m[36m (0.1ms)[0m  [1mINSERT INTO "schema_migrations" ("version") VALUES ('20131021005321')[0m
  [1m[35m (1.0ms)[0m  commit transaction
  [1m[36m (0.2ms)[0m  [1mSELECT "schema_migrations"."version" FROM "schema_migrations" [0m


Started GET "/confession" for 127.0.0.1 at 2013-10-20 17:53:51 -0700
Connecting to database specified by database.yml

ActionController::RoutingError (No route matches [GET] "/confession"):
  actionpack (3.2.12) lib/action_dispatch/middleware/debug_exceptions.rb:21:in `call'
  actionpack (3.2.12) lib/action_dispatch/middleware/show_exceptions.rb:56:in `call'
  railties (3.2.12) lib/rails/rack/logger.rb:32:in `call_app'
  railties (3.2.12) lib/rails/rack/logger.rb:16:in `block in call'
  activesupport (3.2.12) lib/active_support/tagged_logging.rb:22:in `tagged'
  railties (3.2.12) lib/rails/rack/logger.rb:16:in `call'
  actionpack (3.2.12) lib/action_dispatch/middleware/request_id.rb:22:in `call'
  rack (1.4.5) lib/rack/methodoverride.rb:21:in `call'
  rack (1.4.5) lib/rack/runtime.rb:17:in `call'
  activesupport (3.2.12) lib/active_support/cache/strategy/local_cache.rb:72:in `call'
  rack (1.4.5) lib/rack/lock.rb:15:in `call'
  actionpack (3.2.12) lib/action_dispatch/middleware/static.rb:62:in `call'
  railties (3.2.12) lib/rails/engine.rb:479:in `call'
  railties (3.2.12) lib/rails/application.rb:223:in `call'
  rack (1.4.5) lib/rack/content_length.rb:14:in `call'
  railties (3.2.12) lib/rails/rack/log_tailer.rb:17:in `call'
  rack (1.4.5) lib/rack/handler/webrick.rb:59:in `service'
  /usr/local/rvm/rubies/ruby-1.9.3-p392/lib/ruby/1.9.1/webrick/httpserver.rb:138:in `service'
  /usr/local/rvm/rubies/ruby-1.9.3-p392/lib/ruby/1.9.1/webrick/httpserver.rb:94:in `run'
  /usr/local/rvm/rubies/ruby-1.9.3-p392/lib/ruby/1.9.1/webrick/server.rb:191:in `block in start_thread'


  Rendered /usr/local/rvm/gems/ruby-1.9.3-p392/gems/actionpack-3.2.12/lib/action_dispatch/middleware/templates/rescues/routing_error.erb within rescues/layout (2.3ms)


Started GET "/confessions" for 127.0.0.1 at 2013-10-20 17:53:55 -0700
Processing by ConfessionsController#index as HTML
  [1m[36mConfession Load (0.1ms)[0m  [1mSELECT "confessions".* FROM "confessions" [0m
  Rendered confessions/index.html.erb within layouts/application (0.9ms)
Compiled confessions.css  (24ms)  (pid 50009)
Compiled scaffolds.css  (12ms)  (pid 50009)
Compiled application.css  (53ms)  (pid 50009)
Compiled jquery.js  (21ms)  (pid 50009)
Compiled jquery_ujs.js  (0ms)  (pid 50009)
Compiled confessions.js  (80ms)  (pid 50009)
Compiled application.js  (164ms)  (pid 50009)
Completed 200 OK in 320ms (Views: 289.1ms | ActiveRecord: 2.3ms)


Started GET "/assets/application.css?body=1" for 127.0.0.1 at 2013-10-20 17:53:56 -0700
Served asset /application.css - 200 OK (6ms)


Started GET "/assets/jquery_ujs.js?body=1" for 127.0.0.1 at 2013-10-20 17:53:56 -0700
Served asset /jquery_ujs.js - 200 OK (2ms)


Started GET "/assets/jquery.js?body=1" for 127.0.0.1 at 2013-10-20 17:53:56 -0700
Served asset /jquery.js - 200 OK (2ms)


Started GET "/assets/scaffolds.css?body=1" for 127.0.0.1 at 2013-10-20 17:53:56 -0700
Served asset /scaffolds.css - 200 OK (1ms)


Started GET "/assets/confessions.js?body=1" for 127.0.0.1 at 2013-10-20 17:53:56 -0700
Served asset /confessions.js - 200 OK (1ms)


Started GET "/assets/confessions.css?body=1" for 127.0.0.1 at 2013-10-20 17:53:56 -0700
Served asset /confessions.css - 200 OK (1ms)


Started GET "/assets/application.js?body=1" for 127.0.0.1 at 2013-10-20 17:53:56 -0700
Served asset /application.js - 200 OK (7ms)


Started GET "/confessions/new" for 127.0.0.1 at 2013-10-20 17:54:02 -0700
Processing by ConfessionsController#new as HTML
  Rendered confessions/_form.html.erb (14.8ms)
  Rendered confessions/new.html.erb within layouts/application (22.4ms)
Completed 200 OK in 37ms (Views: 30.6ms | ActiveRecord: 0.0ms)


Started GET "/assets/confessions.css?body=1" for 127.0.0.1 at 2013-10-20 17:54:02 -0700
Served asset /confessions.css - 304 Not Modified (0ms)


Started GET "/assets/scaffolds.css?body=1" for 127.0.0.1 at 2013-10-20 17:54:02 -0700
Served asset /scaffolds.css - 304 Not Modified (0ms)


Started GET "/assets/confessions.js?body=1" for 127.0.0.1 at 2013-10-20 17:54:02 -0700
Served asset /confessions.js - 304 Not Modified (0ms)


Started GET "/confessions" for 127.0.0.1 at 2013-10-20 17:54:25 -0700
Processing by ConfessionsController#index as HTML
  [1m[35mConfession Load (0.2ms)[0m  SELECT "confessions".* FROM "confessions" 
  Rendered confessions/index.html.erb within layouts/application (0.3ms)
Completed 200 OK in 6ms (Views: 5.1ms | ActiveRecord: 0.2ms)


Started GET "/assets/application.css?body=1" for 127.0.0.1 at 2013-10-20 17:54:25 -0700
Served asset /application.css - 304 Not Modified (0ms)


Started GET "/assets/confessions.css?body=1" for 127.0.0.1 at 2013-10-20 17:54:25 -0700
Served asset /confessions.css - 304 Not Modified (0ms)


Started GET "/assets/confessions.js?body=1" for 127.0.0.1 at 2013-10-20 17:54:25 -0700
Served asset /confessions.js - 304 Not Modified (0ms)


Started GET "/assets/scaffolds.css?body=1" for 127.0.0.1 at 2013-10-20 17:54:25 -0700
Served asset /scaffolds.css - 304 Not Modified (0ms)


Started GET "/assets/application.js?body=1" for 127.0.0.1 at 2013-10-20 17:54:25 -0700
Served asset /application.js - 304 Not Modified (0ms)
